<?xml version="1.0" encoding="UTF-8"?>
<!-- Generated by org.testng.reporters.JUnitXMLReporter -->
<testsuite ignored="0" hostname="soniyavishnu" failures="0" tests="10" name="Test" time="0.061" errors="0" timestamp="2023-07-06T19:01:52 IST">
  <testcase classname="com.actitime.testscript.ProjectModule" name="createProject" time="0.009"/>
  <testcase classname="com.actitime.testscript.ProjectModule" name="deleteProject" time="0.002"/>
  <testcase classname="com.actitime.testscript.ProjectModule" name="modifyProject" time="0.001"/>
  <testcase classname="com.actitime.testscript.DemoTestNG" name="demoTest" time="0.001"/>
  <testcase classname="com.actitime.testscript.CustomerModule" name="createCustomer" time="0.001"/>
  <testcase classname="com.actitime.testscript.CustomerModule" name="deleteCustomer" time="0.001"/>
  <testcase classname="com.actitime.testscript.CustomerModule" name="modifyCustomer" time="0.002"/>
  <testcase classname="com.actitime.testscript.TaskModule" name="createTask" time="0.001"/>
  <testcase classname="com.actitime.testscript.TaskModule" name="deleteTask" time="0.003"/>
  <testcase classname="com.actitime.testscript.TaskModule" name="modifyTask" time="0.001"/>
</testsuite> <!-- Test -->
